The system is: Linux - 5.4.0-77-generic - x86_64
The system is: Linux - 5.4.0-77-generic - x86_64
Compiling the C compiler identification source file "CMakeCCompilerId.c" succeeded.
Compiler: /usr/local/gcc-10.2.0/bin/gcc 
Build flags: 
Id flags:  

The output was:
0


Compilation of the C compiler identification source "CMakeCCompilerId.c" produced "a.out"

The C compiler identification is GNU, found in "/home/ubuntu/project/sdfpathfinding/build/CMakeFiles/3.16.3/CompilerIdC/a.out"

Compiling the CXX compiler identification source file "CMakeCXXCompilerId.cpp" succeeded.
Compiler: /usr/local/gcc-10.2.0/bin/g++ 
Build flags: 
Id flags:  

The output was:
0


Compilation of the CXX compiler identification source "CMakeCXXCompilerId.cpp" produced "a.out"

The CXX compiler identification is GNU, found in "/home/ubuntu/project/sdfpathfinding/build/CMakeFiles/3.16.3/CompilerIdCXX/a.out"

Determining if the C compiler works passed with the following output:
Change Dir: /home/ubuntu/project/sdfpathfinding/build/CMakeFiles/CMakeTmp

Run Build Command(s):/usr/bin/make cmTC_b0076/fast && /usr/bin/make -f CMakeFiles/cmTC_b0076.dir/build.make CMakeFiles/cmTC_b0076.dir/build
make[1]: 进入目录“/home/ubuntu/project/sdfpathfinding/build/CMakeFiles/CMakeTmp”
Building C object CMakeFiles/cmTC_b0076.dir/testCCompiler.c.o
/usr/local/gcc-10.2.0/bin/gcc    -o CMakeFiles/cmTC_b0076.dir/testCCompiler.c.o   -c /home/ubuntu/project/sdfpathfinding/build/CMakeFiles/CMakeTmp/testCCompiler.c
Linking C executable cmTC_b0076
/usr/bin/cmake -E cmake_link_script CMakeFiles/cmTC_b0076.dir/link.txt --verbose=1
/usr/local/gcc-10.2.0/bin/gcc      CMakeFiles/cmTC_b0076.dir/testCCompiler.c.o  -o cmTC_b0076 
make[1]: 离开目录“/home/ubuntu/project/sdfpathfinding/build/CMakeFiles/CMakeTmp”



Detecting C compiler ABI info compiled with the following output:
Change Dir: /home/ubuntu/project/sdfpathfinding/build/CMakeFiles/CMakeTmp

Run Build Command(s):/usr/bin/make cmTC_6f9eb/fast && /usr/bin/make -f CMakeFiles/cmTC_6f9eb.dir/build.make CMakeFiles/cmTC_6f9eb.dir/build
make[1]: Entering directory '/home/ubuntu/project/sdfpathfinding/build/CMakeFiles/CMakeTmp'
Building C object CMakeFiles/cmTC_6f9eb.dir/CMakeCCompilerABI.c.o
/usr/local/gcc-10.2.0/bin/gcc   -v -o CMakeFiles/cmTC_6f9eb.dir/CMakeCCompilerABI.c.o   -c /usr/share/cmake-3.16/Modules/CMakeCCompilerABI.c
Using built-in specs.
COLLECT_GCC=/usr/local/gcc-10.2.0/bin/gcc
Target: x86_64-pc-linux-gnu
Configured with: ../configure --prefix=/usr/local/gcc-10.2.0/ --enable-checking=release --enable-languages=c,c++ --disable-multilib --with-gmp=/usr/local/gmp-5.0.1 --with-mpfr=/usr/local/mpfr-3.1.5 --with-mpc=/usr/local/mpc-0.9
Thread model: posix
Supported LTO compression algorithms: zlib
gcc version 11.1.0 (GCC) 
COLLECT_GCC_OPTIONS='-v' '-o' 'CMakeFiles/cmTC_6f9eb.dir/CMakeCCompilerABI.c.o' '-c' '-mtune=generic' '-march=x86-64' '-dumpdir' 'CMakeFiles/cmTC_6f9eb.dir/'
 /usr/local/gcc-10.2.0/libexec/gcc/x86_64-pc-linux-gnu/11.1.0/cc1 -quiet -v -imultiarch x86_64-linux-gnu /usr/share/cmake-3.16/Modules/CMakeCCompilerABI.c -quiet -dumpdir CMakeFiles/cmTC_6f9eb.dir/ -dumpbase CMakeCCompilerABI.c.c -dumpbase-ext .c -mtune=generic -march=x86-64 -version -o /tmp/ccSB889K.s
GNU C17 (GCC) version 11.1.0 (x86_64-pc-linux-gnu)
	compiled by GNU C version 11.1.0, GMP version 5.0.1, MPFR version 3.1.5, MPC version 0.9, isl version none
warning: GMP header version 5.0.1 differs from library version 6.2.0.
GGC heuristics: --param ggc-min-expand=100 --param ggc-min-heapsize=131072
ignoring nonexistent directory "/usr/local/include/x86_64-linux-gnu"
ignoring nonexistent directory "/usr/local/gcc-10.2.0/lib/gcc/x86_64-pc-linux-gnu/11.1.0/../../../../x86_64-pc-linux-gnu/include"
#include "..." search starts here:
#include <...> search starts here:
 /usr/local/gcc-10.2.0/lib/gcc/x86_64-pc-linux-gnu/11.1.0/include
 /usr/local/include
 /usr/local/gcc-10.2.0/include
 /usr/local/gcc-10.2.0/lib/gcc/x86_64-pc-linux-gnu/11.1.0/include-fixed
 /usr/include/x86_64-linux-gnu
 /usr/include
End of search list.
GNU C17 (GCC) version 11.1.0 (x86_64-pc-linux-gnu)
	compiled by GNU C version 11.1.0, GMP version 5.0.1, MPFR version 3.1.5, MPC version 0.9, isl version none
warning: GMP header version 5.0.1 differs from library version 6.2.0.
GGC heuristics: --param ggc-min-expand=100 --param ggc-min-heapsize=131072
Compiler executable checksum: 2aaed1dd87e087f932edb938abc43ec8
COLLECT_GCC_OPTIONS='-v' '-o' 'CMakeFiles/cmTC_6f9eb.dir/CMakeCCompilerABI.c.o' '-c' '-mtune=generic' '-march=x86-64' '-dumpdir' 'CMakeFiles/cmTC_6f9eb.dir/'
 as -v --64 -o CMakeFiles/cmTC_6f9eb.dir/CMakeCCompilerABI.c.o /tmp/ccSB889K.s
GNU assembler version 2.34 (x86_64-linux-gnu) using BFD version (GNU Binutils for Ubuntu) 2.34
COMPILER_PATH=/usr/local/gcc-10.2.0/libexec/gcc/x86_64-pc-linux-gnu/11.1.0/:/usr/local/gcc-10.2.0/libexec/gcc/x86_64-pc-linux-gnu/11.1.0/:/usr/local/gcc-10.2.0/libexec/gcc/x86_64-pc-linux-gnu/:/usr/local/gcc-10.2.0/lib/gcc/x86_64-pc-linux-gnu/11.1.0/:/usr/local/gcc-10.2.0/lib/gcc/x86_64-pc-linux-gnu/
LIBRARY_PATH=/usr/local/gcc-10.2.0/lib/gcc/x86_64-pc-linux-gnu/11.1.0/:/usr/local/gcc-10.2.0/lib/gcc/x86_64-pc-linux-gnu/11.1.0/../../../../lib64/:/lib/x86_64-linux-gnu/:/lib/../lib64/:/usr/lib/x86_64-linux-gnu/:/usr/local/gcc-10.2.0/lib/gcc/x86_64-pc-linux-gnu/11.1.0/../../../:/lib/:/usr/lib/
COLLECT_GCC_OPTIONS='-v' '-o' 'CMakeFiles/cmTC_6f9eb.dir/CMakeCCompilerABI.c.o' '-c' '-mtune=generic' '-march=x86-64' '-dumpdir' 'CMakeFiles/cmTC_6f9eb.dir/CMakeCCompilerABI.c.'
Linking C executable cmTC_6f9eb
/usr/bin/cmake -E cmake_link_script CMakeFiles/cmTC_6f9eb.dir/link.txt --verbose=1
/usr/local/gcc-10.2.0/bin/gcc     -v CMakeFiles/cmTC_6f9eb.dir/CMakeCCompilerABI.c.o  -o cmTC_6f9eb 
Using built-in specs.
COLLECT_GCC=/usr/local/gcc-10.2.0/bin/gcc
COLLECT_LTO_WRAPPER=/usr/local/gcc-10.2.0/libexec/gcc/x86_64-pc-linux-gnu/11.1.0/lto-wrapper
Target: x86_64-pc-linux-gnu
Configured with: ../configure --prefix=/usr/local/gcc-10.2.0/ --enable-checking=release --enable-languages=c,c++ --disable-multilib --with-gmp=/usr/local/gmp-5.0.1 --with-mpfr=/usr/local/mpfr-3.1.5 --with-mpc=/usr/local/mpc-0.9
Thread model: posix
Supported LTO compression algorithms: zlib
gcc version 11.1.0 (GCC) 
COMPILER_PATH=/usr/local/gcc-10.2.0/libexec/gcc/x86_64-pc-linux-gnu/11.1.0/:/usr/local/gcc-10.2.0/libexec/gcc/x86_64-pc-linux-gnu/11.1.0/:/usr/local/gcc-10.2.0/libexec/gcc/x86_64-pc-linux-gnu/:/usr/local/gcc-10.2.0/lib/gcc/x86_64-pc-linux-gnu/11.1.0/:/usr/local/gcc-10.2.0/lib/gcc/x86_64-pc-linux-gnu/
LIBRARY_PATH=/usr/local/gcc-10.2.0/lib/gcc/x86_64-pc-linux-gnu/11.1.0/:/usr/local/gcc-10.2.0/lib/gcc/x86_64-pc-linux-gnu/11.1.0/../../../../lib64/:/lib/x86_64-linux-gnu/:/lib/../lib64/:/usr/lib/x86_64-linux-gnu/:/usr/local/gcc-10.2.0/lib/gcc/x86_64-pc-linux-gnu/11.1.0/../../../:/lib/:/usr/lib/
COLLECT_GCC_OPTIONS='-v' '-o' 'cmTC_6f9eb' '-mtune=generic' '-march=x86-64' '-dumpdir' 'cmTC_6f9eb.'
 /usr/local/gcc-10.2.0/libexec/gcc/x86_64-pc-linux-gnu/11.1.0/collect2 -plugin /usr/local/gcc-10.2.0/libexec/gcc/x86_64-pc-linux-gnu/11.1.0/liblto_plugin.so -plugin-opt=/usr/local/gcc-10.2.0/libexec/gcc/x86_64-pc-linux-gnu/11.1.0/lto-wrapper -plugin-opt=-fresolution=/tmp/ccIhRd7e.res -plugin-opt=-pass-through=-lgcc -plugin-opt=-pass-through=-lgcc_s -plugin-opt=-pass-through=-lc -plugin-opt=-pass-through=-lgcc -plugin-opt=-pass-through=-lgcc_s --eh-frame-hdr -m elf_x86_64 -dynamic-linker /lib64/ld-linux-x86-64.so.2 -o cmTC_6f9eb /usr/lib/x86_64-linux-gnu/crt1.o /usr/lib/x86_64-linux-gnu/crti.o /usr/local/gcc-10.2.0/lib/gcc/x86_64-pc-linux-gnu/11.1.0/crtbegin.o -L/usr/local/gcc-10.2.0/lib/gcc/x86_64-pc-linux-gnu/11.1.0 -L/usr/local/gcc-10.2.0/lib/gcc/x86_64-pc-linux-gnu/11.1.0/../../../../lib64 -L/lib/x86_64-linux-gnu -L/lib/../lib64 -L/usr/lib/x86_64-linux-gnu -L/usr/local/gcc-10.2.0/lib/gcc/x86_64-pc-linux-gnu/11.1.0/../../.. CMakeFiles/cmTC_6f9eb.dir/CMakeCCompilerABI.c.o -lgcc --push-state --as-needed -lgcc_s --pop-state -lc -lgcc --push-state --as-needed -lgcc_s --pop-state /usr/local/gcc-10.2.0/lib/gcc/x86_64-pc-linux-gnu/11.1.0/crtend.o /usr/lib/x86_64-linux-gnu/crtn.o
COLLECT_GCC_OPTIONS='-v' '-o' 'cmTC_6f9eb' '-mtune=generic' '-march=x86-64' '-dumpdir' 'cmTC_6f9eb.'
make[1]: Leaving directory '/home/ubuntu/project/sdfpathfinding/build/CMakeFiles/CMakeTmp'



Parsed C implicit include dir info from above output: rv=done
  found start of include info
  found start of implicit include info
    add: [/usr/local/gcc-10.2.0/lib/gcc/x86_64-pc-linux-gnu/11.1.0/include]
    add: [/usr/local/include]
    add: [/usr/local/gcc-10.2.0/include]
    add: [/usr/local/gcc-10.2.0/lib/gcc/x86_64-pc-linux-gnu/11.1.0/include-fixed]
    add: [/usr/include/x86_64-linux-gnu]
    add: [/usr/include]
  end of search list found
  collapse include dir [/usr/local/gcc-10.2.0/lib/gcc/x86_64-pc-linux-gnu/11.1.0/include] ==> [/usr/local/gcc-10.2.0/lib/gcc/x86_64-pc-linux-gnu/11.1.0/include]
  collapse include dir [/usr/local/include] ==> [/usr/local/include]
  collapse include dir [/usr/local/gcc-10.2.0/include] ==> [/usr/local/gcc-10.2.0/include]
  collapse include dir [/usr/local/gcc-10.2.0/lib/gcc/x86_64-pc-linux-gnu/11.1.0/include-fixed] ==> [/usr/local/gcc-10.2.0/lib/gcc/x86_64-pc-linux-gnu/11.1.0/include-fixed]
  collapse include dir [/usr/include/x86_64-linux-gnu] ==> [/usr/include/x86_64-linux-gnu]
  collapse include dir [/usr/include] ==> [/usr/include]
  implicit include dirs: [/usr/local/gcc-10.2.0/lib/gcc/x86_64-pc-linux-gnu/11.1.0/include;/usr/local/include;/usr/local/gcc-10.2.0/include;/usr/local/gcc-10.2.0/lib/gcc/x86_64-pc-linux-gnu/11.1.0/include-fixed;/usr/include/x86_64-linux-gnu;/usr/include]


Parsed C implicit link information from above output:
  link line regex: [^( *|.*[/\])(ld|CMAKE_LINK_STARTFILE-NOTFOUND|([^/\]+-)?ld|collect2)[^/\]*( |$)]
  ignore line: [Change Dir: /home/ubuntu/project/sdfpathfinding/build/CMakeFiles/CMakeTmp]
  ignore line: []
  ignore line: [Run Build Command(s):/usr/bin/make cmTC_6f9eb/fast && /usr/bin/make -f CMakeFiles/cmTC_6f9eb.dir/build.make CMakeFiles/cmTC_6f9eb.dir/build]
  ignore line: [make[1]: Entering directory '/home/ubuntu/project/sdfpathfinding/build/CMakeFiles/CMakeTmp']
  ignore line: [Building C object CMakeFiles/cmTC_6f9eb.dir/CMakeCCompilerABI.c.o]
  ignore line: [/usr/local/gcc-10.2.0/bin/gcc   -v -o CMakeFiles/cmTC_6f9eb.dir/CMakeCCompilerABI.c.o   -c /usr/share/cmake-3.16/Modules/CMakeCCompilerABI.c]
  ignore line: [Using built-in specs.]
  ignore line: [COLLECT_GCC=/usr/local/gcc-10.2.0/bin/gcc]
  ignore line: [Target: x86_64-pc-linux-gnu]
  ignore line: [Configured with: ../configure --prefix=/usr/local/gcc-10.2.0/ --enable-checking=release --enable-languages=c c++ --disable-multilib --with-gmp=/usr/local/gmp-5.0.1 --with-mpfr=/usr/local/mpfr-3.1.5 --with-mpc=/usr/local/mpc-0.9]
  ignore line: [Thread model: posix]
  ignore line: [Supported LTO compression algorithms: zlib]
  ignore line: [gcc version 11.1.0 (GCC) ]
  ignore line: [COLLECT_GCC_OPTIONS='-v' '-o' 'CMakeFiles/cmTC_6f9eb.dir/CMakeCCompilerABI.c.o' '-c' '-mtune=generic' '-march=x86-64' '-dumpdir' 'CMakeFiles/cmTC_6f9eb.dir/']
  ignore line: [ /usr/local/gcc-10.2.0/libexec/gcc/x86_64-pc-linux-gnu/11.1.0/cc1 -quiet -v -imultiarch x86_64-linux-gnu /usr/share/cmake-3.16/Modules/CMakeCCompilerABI.c -quiet -dumpdir CMakeFiles/cmTC_6f9eb.dir/ -dumpbase CMakeCCompilerABI.c.c -dumpbase-ext .c -mtune=generic -march=x86-64 -version -o /tmp/ccSB889K.s]
  ignore line: [GNU C17 (GCC) version 11.1.0 (x86_64-pc-linux-gnu)]
  ignore line: [	compiled by GNU C version 11.1.0  GMP version 5.0.1  MPFR version 3.1.5  MPC version 0.9  isl version none]
  ignore line: [warning: GMP header version 5.0.1 differs from library version 6.2.0.]
  ignore line: [GGC heuristics: --param ggc-min-expand=100 --param ggc-min-heapsize=131072]
  ignore line: [ignoring nonexistent directory "/usr/local/include/x86_64-linux-gnu"]
  ignore line: [ignoring nonexistent directory "/usr/local/gcc-10.2.0/lib/gcc/x86_64-pc-linux-gnu/11.1.0/../../../../x86_64-pc-linux-gnu/include"]
  ignore line: [#include "..." search starts here:]
  ignore line: [#include <...> search starts here:]
  ignore line: [ /usr/local/gcc-10.2.0/lib/gcc/x86_64-pc-linux-gnu/11.1.0/include]
  ignore line: [ /usr/local/include]
  ignore line: [ /usr/local/gcc-10.2.0/include]
  ignore line: [ /usr/local/gcc-10.2.0/lib/gcc/x86_64-pc-linux-gnu/11.1.0/include-fixed]
  ignore line: [ /usr/include/x86_64-linux-gnu]
  ignore line: [ /usr/include]
  ignore line: [End of search list.]
  ignore line: [GNU C17 (GCC) version 11.1.0 (x86_64-pc-linux-gnu)]
  ignore line: [	compiled by GNU C version 11.1.0  GMP version 5.0.1  MPFR version 3.1.5  MPC version 0.9  isl version none]
  ignore line: [warning: GMP header version 5.0.1 differs from library version 6.2.0.]
  ignore line: [GGC heuristics: --param ggc-min-expand=100 --param ggc-min-heapsize=131072]
  ignore line: [Compiler executable checksum: 2aaed1dd87e087f932edb938abc43ec8]
  ignore line: [COLLECT_GCC_OPTIONS='-v' '-o' 'CMakeFiles/cmTC_6f9eb.dir/CMakeCCompilerABI.c.o' '-c' '-mtune=generic' '-march=x86-64' '-dumpdir' 'CMakeFiles/cmTC_6f9eb.dir/']
  ignore line: [ as -v --64 -o CMakeFiles/cmTC_6f9eb.dir/CMakeCCompilerABI.c.o /tmp/ccSB889K.s]
  ignore line: [GNU assembler version 2.34 (x86_64-linux-gnu) using BFD version (GNU Binutils for Ubuntu) 2.34]
  ignore line: [COMPILER_PATH=/usr/local/gcc-10.2.0/libexec/gcc/x86_64-pc-linux-gnu/11.1.0/:/usr/local/gcc-10.2.0/libexec/gcc/x86_64-pc-linux-gnu/11.1.0/:/usr/local/gcc-10.2.0/libexec/gcc/x86_64-pc-linux-gnu/:/usr/local/gcc-10.2.0/lib/gcc/x86_64-pc-linux-gnu/11.1.0/:/usr/local/gcc-10.2.0/lib/gcc/x86_64-pc-linux-gnu/]
  ignore line: [LIBRARY_PATH=/usr/local/gcc-10.2.0/lib/gcc/x86_64-pc-linux-gnu/11.1.0/:/usr/local/gcc-10.2.0/lib/gcc/x86_64-pc-linux-gnu/11.1.0/../../../../lib64/:/lib/x86_64-linux-gnu/:/lib/../lib64/:/usr/lib/x86_64-linux-gnu/:/usr/local/gcc-10.2.0/lib/gcc/x86_64-pc-linux-gnu/11.1.0/../../../:/lib/:/usr/lib/]
  ignore line: [COLLECT_GCC_OPTIONS='-v' '-o' 'CMakeFiles/cmTC_6f9eb.dir/CMakeCCompilerABI.c.o' '-c' '-mtune=generic' '-march=x86-64' '-dumpdir' 'CMakeFiles/cmTC_6f9eb.dir/CMakeCCompilerABI.c.']
  ignore line: [Linking C executable cmTC_6f9eb]
  ignore line: [/usr/bin/cmake -E cmake_link_script CMakeFiles/cmTC_6f9eb.dir/link.txt --verbose=1]
  ignore line: [/usr/local/gcc-10.2.0/bin/gcc     -v CMakeFiles/cmTC_6f9eb.dir/CMakeCCompilerABI.c.o  -o cmTC_6f9eb ]
  ignore line: [Using built-in specs.]
  ignore line: [COLLECT_GCC=/usr/local/gcc-10.2.0/bin/gcc]
  ignore line: [COLLECT_LTO_WRAPPER=/usr/local/gcc-10.2.0/libexec/gcc/x86_64-pc-linux-gnu/11.1.0/lto-wrapper]
  ignore line: [Target: x86_64-pc-linux-gnu]
  ignore line: [Configured with: ../configure --prefix=/usr/local/gcc-10.2.0/ --enable-checking=release --enable-languages=c c++ --disable-multilib --with-gmp=/usr/local/gmp-5.0.1 --with-mpfr=/usr/local/mpfr-3.1.5 --with-mpc=/usr/local/mpc-0.9]
  ignore line: [Thread model: posix]
  ignore line: [Supported LTO compression algorithms: zlib]
  ignore line: [gcc version 11.1.0 (GCC) ]
  ignore line: [COMPILER_PATH=/usr/local/gcc-10.2.0/libexec/gcc/x86_64-pc-linux-gnu/11.1.0/:/usr/local/gcc-10.2.0/libexec/gcc/x86_64-pc-linux-gnu/11.1.0/:/usr/local/gcc-10.2.0/libexec/gcc/x86_64-pc-linux-gnu/:/usr/local/gcc-10.2.0/lib/gcc/x86_64-pc-linux-gnu/11.1.0/:/usr/local/gcc-10.2.0/lib/gcc/x86_64-pc-linux-gnu/]
  ignore line: [LIBRARY_PATH=/usr/local/gcc-10.2.0/lib/gcc/x86_64-pc-linux-gnu/11.1.0/:/usr/local/gcc-10.2.0/lib/gcc/x86_64-pc-linux-gnu/11.1.0/../../../../lib64/:/lib/x86_64-linux-gnu/:/lib/../lib64/:/usr/lib/x86_64-linux-gnu/:/usr/local/gcc-10.2.0/lib/gcc/x86_64-pc-linux-gnu/11.1.0/../../../:/lib/:/usr/lib/]
  ignore line: [COLLECT_GCC_OPTIONS='-v' '-o' 'cmTC_6f9eb' '-mtune=generic' '-march=x86-64' '-dumpdir' 'cmTC_6f9eb.']
  link line: [ /usr/local/gcc-10.2.0/libexec/gcc/x86_64-pc-linux-gnu/11.1.0/collect2 -plugin /usr/local/gcc-10.2.0/libexec/gcc/x86_64-pc-linux-gnu/11.1.0/liblto_plugin.so -plugin-opt=/usr/local/gcc-10.2.0/libexec/gcc/x86_64-pc-linux-gnu/11.1.0/lto-wrapper -plugin-opt=-fresolution=/tmp/ccIhRd7e.res -plugin-opt=-pass-through=-lgcc -plugin-opt=-pass-through=-lgcc_s -plugin-opt=-pass-through=-lc -plugin-opt=-pass-through=-lgcc -plugin-opt=-pass-through=-lgcc_s --eh-frame-hdr -m elf_x86_64 -dynamic-linker /lib64/ld-linux-x86-64.so.2 -o cmTC_6f9eb /usr/lib/x86_64-linux-gnu/crt1.o /usr/lib/x86_64-linux-gnu/crti.o /usr/local/gcc-10.2.0/lib/gcc/x86_64-pc-linux-gnu/11.1.0/crtbegin.o -L/usr/local/gcc-10.2.0/lib/gcc/x86_64-pc-linux-gnu/11.1.0 -L/usr/local/gcc-10.2.0/lib/gcc/x86_64-pc-linux-gnu/11.1.0/../../../../lib64 -L/lib/x86_64-linux-gnu -L/lib/../lib64 -L/usr/lib/x86_64-linux-gnu -L/usr/local/gcc-10.2.0/lib/gcc/x86_64-pc-linux-gnu/11.1.0/../../.. CMakeFiles/cmTC_6f9eb.dir/CMakeCCompilerABI.c.o -lgcc --push-state --as-needed -lgcc_s --pop-state -lc -lgcc --push-state --as-needed -lgcc_s --pop-state /usr/local/gcc-10.2.0/lib/gcc/x86_64-pc-linux-gnu/11.1.0/crtend.o /usr/lib/x86_64-linux-gnu/crtn.o]
    arg [/usr/local/gcc-10.2.0/libexec/gcc/x86_64-pc-linux-gnu/11.1.0/collect2] ==> ignore
    arg [-plugin] ==> ignore
    arg [/usr/local/gcc-10.2.0/libexec/gcc/x86_64-pc-linux-gnu/11.1.0/liblto_plugin.so] ==> ignore
    arg [-plugin-opt=/usr/local/gcc-10.2.0/libexec/gcc/x86_64-pc-linux-gnu/11.1.0/lto-wrapper] ==> ignore
    arg [-plugin-opt=-fresolution=/tmp/ccIhRd7e.res] ==> ignore
    arg [-plugin-opt=-pass-through=-lgcc] ==> ignore
    arg [-plugin-opt=-pass-through=-lgcc_s] ==> ignore
    arg [-plugin-opt=-pass-through=-lc] ==> ignore
    arg [-plugin-opt=-pass-through=-lgcc] ==> ignore
    arg [-plugin-opt=-pass-through=-lgcc_s] ==> ignore
    arg [--eh-frame-hdr] ==> ignore
    arg [-m] ==> ignore
    arg [elf_x86_64] ==> ignore
    arg [-dynamic-linker] ==> ignore
    arg [/lib64/ld-linux-x86-64.so.2] ==> ignore
    arg [-o] ==> ignore
    arg [cmTC_6f9eb] ==> ignore
    arg [/usr/lib/x86_64-linux-gnu/crt1.o] ==> ignore
    arg [/usr/lib/x86_64-linux-gnu/crti.o] ==> ignore
    arg [/usr/local/gcc-10.2.0/lib/gcc/x86_64-pc-linux-gnu/11.1.0/crtbegin.o] ==> ignore
    arg [-L/usr/local/gcc-10.2.0/lib/gcc/x86_64-pc-linux-gnu/11.1.0] ==> dir [/usr/local/gcc-10.2.0/lib/gcc/x86_64-pc-linux-gnu/11.1.0]
    arg [-L/usr/local/gcc-10.2.0/lib/gcc/x86_64-pc-linux-gnu/11.1.0/../../../../lib64] ==> dir [/usr/local/gcc-10.2.0/lib/gcc/x86_64-pc-linux-gnu/11.1.0/../../../../lib64]
    arg [-L/lib/x86_64-linux-gnu] ==> dir [/lib/x86_64-linux-gnu]
    arg [-L/lib/../lib64] ==> dir [/lib/../lib64]
    arg [-L/usr/lib/x86_64-linux-gnu] ==> dir [/usr/lib/x86_64-linux-gnu]
    arg [-L/usr/local/gcc-10.2.0/lib/gcc/x86_64-pc-linux-gnu/11.1.0/../../..] ==> dir [/usr/local/gcc-10.2.0/lib/gcc/x86_64-pc-linux-gnu/11.1.0/../../..]
    arg [CMakeFiles/cmTC_6f9eb.dir/CMakeCCompilerABI.c.o] ==> ignore
    arg [-lgcc] ==> lib [gcc]
    arg [--push-state] ==> ignore
    arg [--as-needed] ==> ignore
    arg [-lgcc_s] ==> lib [gcc_s]
    arg [--pop-state] ==> ignore
    arg [-lc] ==> lib [c]
    arg [-lgcc] ==> lib [gcc]
    arg [--push-state] ==> ignore
    arg [--as-needed] ==> ignore
    arg [-lgcc_s] ==> lib [gcc_s]
    arg [--pop-state] ==> ignore
    arg [/usr/local/gcc-10.2.0/lib/gcc/x86_64-pc-linux-gnu/11.1.0/crtend.o] ==> ignore
    arg [/usr/lib/x86_64-linux-gnu/crtn.o] ==> ignore
  collapse library dir [/usr/local/gcc-10.2.0/lib/gcc/x86_64-pc-linux-gnu/11.1.0] ==> [/usr/local/gcc-10.2.0/lib/gcc/x86_64-pc-linux-gnu/11.1.0]
  collapse library dir [/usr/local/gcc-10.2.0/lib/gcc/x86_64-pc-linux-gnu/11.1.0/../../../../lib64] ==> [/usr/local/gcc-10.2.0/lib64]
  collapse library dir [/lib/x86_64-linux-gnu] ==> [/lib/x86_64-linux-gnu]
  collapse library dir [/lib/../lib64] ==> [/lib64]
  collapse library dir [/usr/lib/x86_64-linux-gnu] ==> [/usr/lib/x86_64-linux-gnu]
  collapse library dir [/usr/local/gcc-10.2.0/lib/gcc/x86_64-pc-linux-gnu/11.1.0/../../..] ==> [/usr/local/gcc-10.2.0/lib]
  implicit libs: [gcc;gcc_s;c;gcc;gcc_s]
  implicit dirs: [/usr/local/gcc-10.2.0/lib/gcc/x86_64-pc-linux-gnu/11.1.0;/usr/local/gcc-10.2.0/lib64;/lib/x86_64-linux-gnu;/lib64;/usr/lib/x86_64-linux-gnu;/usr/local/gcc-10.2.0/lib]
  implicit fwks: []


Determining if the CXX compiler works passed with the following output:
Change Dir: /home/ubuntu/project/sdfpathfinding/build/CMakeFiles/CMakeTmp

Run Build Command(s):/usr/bin/make cmTC_0aa5e/fast && /usr/bin/make -f CMakeFiles/cmTC_0aa5e.dir/build.make CMakeFiles/cmTC_0aa5e.dir/build
make[1]: 进入目录“/home/ubuntu/project/sdfpathfinding/build/CMakeFiles/CMakeTmp”
Building CXX object CMakeFiles/cmTC_0aa5e.dir/testCXXCompiler.cxx.o
/usr/local/gcc-10.2.0/bin/g++     -o CMakeFiles/cmTC_0aa5e.dir/testCXXCompiler.cxx.o -c /home/ubuntu/project/sdfpathfinding/build/CMakeFiles/CMakeTmp/testCXXCompiler.cxx
Linking CXX executable cmTC_0aa5e
/usr/bin/cmake -E cmake_link_script CMakeFiles/cmTC_0aa5e.dir/link.txt --verbose=1
/usr/local/gcc-10.2.0/bin/g++       CMakeFiles/cmTC_0aa5e.dir/testCXXCompiler.cxx.o  -o cmTC_0aa5e 
make[1]: 离开目录“/home/ubuntu/project/sdfpathfinding/build/CMakeFiles/CMakeTmp”



Detecting CXX compiler ABI info compiled with the following output:
Change Dir: /home/ubuntu/project/sdfpathfinding/build/CMakeFiles/CMakeTmp

Run Build Command(s):/usr/bin/make cmTC_cb16c/fast && /usr/bin/make -f CMakeFiles/cmTC_cb16c.dir/build.make CMakeFiles/cmTC_cb16c.dir/build
make[1]: Entering directory '/home/ubuntu/project/sdfpathfinding/build/CMakeFiles/CMakeTmp'
Building CXX object CMakeFiles/cmTC_cb16c.dir/CMakeCXXCompilerABI.cpp.o
/usr/local/gcc-10.2.0/bin/g++    -v -o CMakeFiles/cmTC_cb16c.dir/CMakeCXXCompilerABI.cpp.o -c /usr/share/cmake-3.16/Modules/CMakeCXXCompilerABI.cpp
Using built-in specs.
COLLECT_GCC=/usr/local/gcc-10.2.0/bin/g++
Target: x86_64-pc-linux-gnu
Configured with: ../configure --prefix=/usr/local/gcc-10.2.0/ --enable-checking=release --enable-languages=c,c++ --disable-multilib --with-gmp=/usr/local/gmp-5.0.1 --with-mpfr=/usr/local/mpfr-3.1.5 --with-mpc=/usr/local/mpc-0.9
Thread model: posix
Supported LTO compression algorithms: zlib
gcc version 11.1.0 (GCC) 
COLLECT_GCC_OPTIONS='-v' '-o' 'CMakeFiles/cmTC_cb16c.dir/CMakeCXXCompilerABI.cpp.o' '-c' '-shared-libgcc' '-mtune=generic' '-march=x86-64' '-dumpdir' 'CMakeFiles/cmTC_cb16c.dir/'
 /usr/local/gcc-10.2.0/libexec/gcc/x86_64-pc-linux-gnu/11.1.0/cc1plus -quiet -v -imultiarch x86_64-linux-gnu -D_GNU_SOURCE /usr/share/cmake-3.16/Modules/CMakeCXXCompilerABI.cpp -quiet -dumpdir CMakeFiles/cmTC_cb16c.dir/ -dumpbase CMakeCXXCompilerABI.cpp.cpp -dumpbase-ext .cpp -mtune=generic -march=x86-64 -version -o /tmp/ccNWu0VK.s
GNU C++17 (GCC) version 11.1.0 (x86_64-pc-linux-gnu)
	compiled by GNU C version 11.1.0, GMP version 5.0.1, MPFR version 3.1.5, MPC version 0.9, isl version none
warning: GMP header version 5.0.1 differs from library version 6.2.0.
GGC heuristics: --param ggc-min-expand=100 --param ggc-min-heapsize=131072
ignoring nonexistent directory "/usr/local/include/x86_64-linux-gnu"
ignoring nonexistent directory "/usr/local/gcc-10.2.0/lib/gcc/x86_64-pc-linux-gnu/11.1.0/../../../../x86_64-pc-linux-gnu/include"
#include "..." search starts here:
#include <...> search starts here:
 /usr/local/gcc-10.2.0/lib/gcc/x86_64-pc-linux-gnu/11.1.0/../../../../include/c++/11.1.0
 /usr/local/gcc-10.2.0/lib/gcc/x86_64-pc-linux-gnu/11.1.0/../../../../include/c++/11.1.0/x86_64-pc-linux-gnu
 /usr/local/gcc-10.2.0/lib/gcc/x86_64-pc-linux-gnu/11.1.0/../../../../include/c++/11.1.0/backward
 /usr/local/gcc-10.2.0/lib/gcc/x86_64-pc-linux-gnu/11.1.0/include
 /usr/local/include
 /usr/local/gcc-10.2.0/include
 /usr/local/gcc-10.2.0/lib/gcc/x86_64-pc-linux-gnu/11.1.0/include-fixed
 /usr/include/x86_64-linux-gnu
 /usr/include
End of search list.
GNU C++17 (GCC) version 11.1.0 (x86_64-pc-linux-gnu)
	compiled by GNU C version 11.1.0, GMP version 5.0.1, MPFR version 3.1.5, MPC version 0.9, isl version none
warning: GMP header version 5.0.1 differs from library version 6.2.0.
GGC heuristics: --param ggc-min-expand=100 --param ggc-min-heapsize=131072
Compiler executable checksum: a678520ce33480c64ae174b71c3211a0
COLLECT_GCC_OPTIONS='-v' '-o' 'CMakeFiles/cmTC_cb16c.dir/CMakeCXXCompilerABI.cpp.o' '-c' '-shared-libgcc' '-mtune=generic' '-march=x86-64' '-dumpdir' 'CMakeFiles/cmTC_cb16c.dir/'
 as -v --64 -o CMakeFiles/cmTC_cb16c.dir/CMakeCXXCompilerABI.cpp.o /tmp/ccNWu0VK.s
GNU assembler version 2.34 (x86_64-linux-gnu) using BFD version (GNU Binutils for Ubuntu) 2.34
COMPILER_PATH=/usr/local/gcc-10.2.0/libexec/gcc/x86_64-pc-linux-gnu/11.1.0/:/usr/local/gcc-10.2.0/libexec/gcc/x86_64-pc-linux-gnu/11.1.0/:/usr/local/gcc-10.2.0/libexec/gcc/x86_64-pc-linux-gnu/:/usr/local/gcc-10.2.0/lib/gcc/x86_64-pc-linux-gnu/11.1.0/:/usr/local/gcc-10.2.0/lib/gcc/x86_64-pc-linux-gnu/
LIBRARY_PATH=/usr/local/gcc-10.2.0/lib/gcc/x86_64-pc-linux-gnu/11.1.0/:/usr/local/gcc-10.2.0/lib/gcc/x86_64-pc-linux-gnu/11.1.0/../../../../lib64/:/lib/x86_64-linux-gnu/:/lib/../lib64/:/usr/lib/x86_64-linux-gnu/:/usr/local/gcc-10.2.0/lib/gcc/x86_64-pc-linux-gnu/11.1.0/../../../:/lib/:/usr/lib/
COLLECT_GCC_OPTIONS='-v' '-o' 'CMakeFiles/cmTC_cb16c.dir/CMakeCXXCompilerABI.cpp.o' '-c' '-shared-libgcc' '-mtune=generic' '-march=x86-64' '-dumpdir' 'CMakeFiles/cmTC_cb16c.dir/CMakeCXXCompilerABI.cpp.'
Linking CXX executable cmTC_cb16c
/usr/bin/cmake -E cmake_link_script CMakeFiles/cmTC_cb16c.dir/link.txt --verbose=1
/usr/local/gcc-10.2.0/bin/g++      -v CMakeFiles/cmTC_cb16c.dir/CMakeCXXCompilerABI.cpp.o  -o cmTC_cb16c 
Using built-in specs.
COLLECT_GCC=/usr/local/gcc-10.2.0/bin/g++
COLLECT_LTO_WRAPPER=/usr/local/gcc-10.2.0/libexec/gcc/x86_64-pc-linux-gnu/11.1.0/lto-wrapper
Target: x86_64-pc-linux-gnu
Configured with: ../configure --prefix=/usr/local/gcc-10.2.0/ --enable-checking=release --enable-languages=c,c++ --disable-multilib --with-gmp=/usr/local/gmp-5.0.1 --with-mpfr=/usr/local/mpfr-3.1.5 --with-mpc=/usr/local/mpc-0.9
Thread model: posix
Supported LTO compression algorithms: zlib
gcc version 11.1.0 (GCC) 
COMPILER_PATH=/usr/local/gcc-10.2.0/libexec/gcc/x86_64-pc-linux-gnu/11.1.0/:/usr/local/gcc-10.2.0/libexec/gcc/x86_64-pc-linux-gnu/11.1.0/:/usr/local/gcc-10.2.0/libexec/gcc/x86_64-pc-linux-gnu/:/usr/local/gcc-10.2.0/lib/gcc/x86_64-pc-linux-gnu/11.1.0/:/usr/local/gcc-10.2.0/lib/gcc/x86_64-pc-linux-gnu/
LIBRARY_PATH=/usr/local/gcc-10.2.0/lib/gcc/x86_64-pc-linux-gnu/11.1.0/:/usr/local/gcc-10.2.0/lib/gcc/x86_64-pc-linux-gnu/11.1.0/../../../../lib64/:/lib/x86_64-linux-gnu/:/lib/../lib64/:/usr/lib/x86_64-linux-gnu/:/usr/local/gcc-10.2.0/lib/gcc/x86_64-pc-linux-gnu/11.1.0/../../../:/lib/:/usr/lib/
COLLECT_GCC_OPTIONS='-v' '-o' 'cmTC_cb16c' '-shared-libgcc' '-mtune=generic' '-march=x86-64' '-dumpdir' 'cmTC_cb16c.'
 /usr/local/gcc-10.2.0/libexec/gcc/x86_64-pc-linux-gnu/11.1.0/collect2 -plugin /usr/local/gcc-10.2.0/libexec/gcc/x86_64-pc-linux-gnu/11.1.0/liblto_plugin.so -plugin-opt=/usr/local/gcc-10.2.0/libexec/gcc/x86_64-pc-linux-gnu/11.1.0/lto-wrapper -plugin-opt=-fresolution=/tmp/ccqobwRb.res -plugin-opt=-pass-through=-lgcc_s -plugin-opt=-pass-through=-lgcc -plugin-opt=-pass-through=-lc -plugin-opt=-pass-through=-lgcc_s -plugin-opt=-pass-through=-lgcc --eh-frame-hdr -m elf_x86_64 -dynamic-linker /lib64/ld-linux-x86-64.so.2 -o cmTC_cb16c /usr/lib/x86_64-linux-gnu/crt1.o /usr/lib/x86_64-linux-gnu/crti.o /usr/local/gcc-10.2.0/lib/gcc/x86_64-pc-linux-gnu/11.1.0/crtbegin.o -L/usr/local/gcc-10.2.0/lib/gcc/x86_64-pc-linux-gnu/11.1.0 -L/usr/local/gcc-10.2.0/lib/gcc/x86_64-pc-linux-gnu/11.1.0/../../../../lib64 -L/lib/x86_64-linux-gnu -L/lib/../lib64 -L/usr/lib/x86_64-linux-gnu -L/usr/local/gcc-10.2.0/lib/gcc/x86_64-pc-linux-gnu/11.1.0/../../.. CMakeFiles/cmTC_cb16c.dir/CMakeCXXCompilerABI.cpp.o -lstdc++ -lm -lgcc_s -lgcc -lc -lgcc_s -lgcc /usr/local/gcc-10.2.0/lib/gcc/x86_64-pc-linux-gnu/11.1.0/crtend.o /usr/lib/x86_64-linux-gnu/crtn.o
COLLECT_GCC_OPTIONS='-v' '-o' 'cmTC_cb16c' '-shared-libgcc' '-mtune=generic' '-march=x86-64' '-dumpdir' 'cmTC_cb16c.'
make[1]: Leaving directory '/home/ubuntu/project/sdfpathfinding/build/CMakeFiles/CMakeTmp'



Parsed CXX implicit include dir info from above output: rv=done
  found start of include info
  found start of implicit include info
    add: [/usr/local/gcc-10.2.0/lib/gcc/x86_64-pc-linux-gnu/11.1.0/../../../../include/c++/11.1.0]
    add: [/usr/local/gcc-10.2.0/lib/gcc/x86_64-pc-linux-gnu/11.1.0/../../../../include/c++/11.1.0/x86_64-pc-linux-gnu]
    add: [/usr/local/gcc-10.2.0/lib/gcc/x86_64-pc-linux-gnu/11.1.0/../../../../include/c++/11.1.0/backward]
    add: [/usr/local/gcc-10.2.0/lib/gcc/x86_64-pc-linux-gnu/11.1.0/include]
    add: [/usr/local/include]
    add: [/usr/local/gcc-10.2.0/include]
    add: [/usr/local/gcc-10.2.0/lib/gcc/x86_64-pc-linux-gnu/11.1.0/include-fixed]
    add: [/usr/include/x86_64-linux-gnu]
    add: [/usr/include]
  end of search list found
  collapse include dir [/usr/local/gcc-10.2.0/lib/gcc/x86_64-pc-linux-gnu/11.1.0/../../../../include/c++/11.1.0] ==> [/usr/local/gcc-10.2.0/include/c++/11.1.0]
  collapse include dir [/usr/local/gcc-10.2.0/lib/gcc/x86_64-pc-linux-gnu/11.1.0/../../../../include/c++/11.1.0/x86_64-pc-linux-gnu] ==> [/usr/local/gcc-10.2.0/include/c++/11.1.0/x86_64-pc-linux-gnu]
  collapse include dir [/usr/local/gcc-10.2.0/lib/gcc/x86_64-pc-linux-gnu/11.1.0/../../../../include/c++/11.1.0/backward] ==> [/usr/local/gcc-10.2.0/include/c++/11.1.0/backward]
  collapse include dir [/usr/local/gcc-10.2.0/lib/gcc/x86_64-pc-linux-gnu/11.1.0/include] ==> [/usr/local/gcc-10.2.0/lib/gcc/x86_64-pc-linux-gnu/11.1.0/include]
  collapse include dir [/usr/local/include] ==> [/usr/local/include]
  collapse include dir [/usr/local/gcc-10.2.0/include] ==> [/usr/local/gcc-10.2.0/include]
  collapse include dir [/usr/local/gcc-10.2.0/lib/gcc/x86_64-pc-linux-gnu/11.1.0/include-fixed] ==> [/usr/local/gcc-10.2.0/lib/gcc/x86_64-pc-linux-gnu/11.1.0/include-fixed]
  collapse include dir [/usr/include/x86_64-linux-gnu] ==> [/usr/include/x86_64-linux-gnu]
  collapse include dir [/usr/include] ==> [/usr/include]
  implicit include dirs: [/usr/local/gcc-10.2.0/include/c++/11.1.0;/usr/local/gcc-10.2.0/include/c++/11.1.0/x86_64-pc-linux-gnu;/usr/local/gcc-10.2.0/include/c++/11.1.0/backward;/usr/local/gcc-10.2.0/lib/gcc/x86_64-pc-linux-gnu/11.1.0/include;/usr/local/include;/usr/local/gcc-10.2.0/include;/usr/local/gcc-10.2.0/lib/gcc/x86_64-pc-linux-gnu/11.1.0/include-fixed;/usr/include/x86_64-linux-gnu;/usr/include]


Parsed CXX implicit link information from above output:
  link line regex: [^( *|.*[/\])(ld|CMAKE_LINK_STARTFILE-NOTFOUND|([^/\]+-)?ld|collect2)[^/\]*( |$)]
  ignore line: [Change Dir: /home/ubuntu/project/sdfpathfinding/build/CMakeFiles/CMakeTmp]
  ignore line: []
  ignore line: [Run Build Command(s):/usr/bin/make cmTC_cb16c/fast && /usr/bin/make -f CMakeFiles/cmTC_cb16c.dir/build.make CMakeFiles/cmTC_cb16c.dir/build]
  ignore line: [make[1]: Entering directory '/home/ubuntu/project/sdfpathfinding/build/CMakeFiles/CMakeTmp']
  ignore line: [Building CXX object CMakeFiles/cmTC_cb16c.dir/CMakeCXXCompilerABI.cpp.o]
  ignore line: [/usr/local/gcc-10.2.0/bin/g++    -v -o CMakeFiles/cmTC_cb16c.dir/CMakeCXXCompilerABI.cpp.o -c /usr/share/cmake-3.16/Modules/CMakeCXXCompilerABI.cpp]
  ignore line: [Using built-in specs.]
  ignore line: [COLLECT_GCC=/usr/local/gcc-10.2.0/bin/g++]
  ignore line: [Target: x86_64-pc-linux-gnu]
  ignore line: [Configured with: ../configure --prefix=/usr/local/gcc-10.2.0/ --enable-checking=release --enable-languages=c c++ --disable-multilib --with-gmp=/usr/local/gmp-5.0.1 --with-mpfr=/usr/local/mpfr-3.1.5 --with-mpc=/usr/local/mpc-0.9]
  ignore line: [Thread model: posix]
  ignore line: [Supported LTO compression algorithms: zlib]
  ignore line: [gcc version 11.1.0 (GCC) ]
  ignore line: [COLLECT_GCC_OPTIONS='-v' '-o' 'CMakeFiles/cmTC_cb16c.dir/CMakeCXXCompilerABI.cpp.o' '-c' '-shared-libgcc' '-mtune=generic' '-march=x86-64' '-dumpdir' 'CMakeFiles/cmTC_cb16c.dir/']
  ignore line: [ /usr/local/gcc-10.2.0/libexec/gcc/x86_64-pc-linux-gnu/11.1.0/cc1plus -quiet -v -imultiarch x86_64-linux-gnu -D_GNU_SOURCE /usr/share/cmake-3.16/Modules/CMakeCXXCompilerABI.cpp -quiet -dumpdir CMakeFiles/cmTC_cb16c.dir/ -dumpbase CMakeCXXCompilerABI.cpp.cpp -dumpbase-ext .cpp -mtune=generic -march=x86-64 -version -o /tmp/ccNWu0VK.s]
  ignore line: [GNU C++17 (GCC) version 11.1.0 (x86_64-pc-linux-gnu)]
  ignore line: [	compiled by GNU C version 11.1.0  GMP version 5.0.1  MPFR version 3.1.5  MPC version 0.9  isl version none]
  ignore line: [warning: GMP header version 5.0.1 differs from library version 6.2.0.]
  ignore line: [GGC heuristics: --param ggc-min-expand=100 --param ggc-min-heapsize=131072]
  ignore line: [ignoring nonexistent directory "/usr/local/include/x86_64-linux-gnu"]
  ignore line: [ignoring nonexistent directory "/usr/local/gcc-10.2.0/lib/gcc/x86_64-pc-linux-gnu/11.1.0/../../../../x86_64-pc-linux-gnu/include"]
  ignore line: [#include "..." search starts here:]
  ignore line: [#include <...> search starts here:]
  ignore line: [ /usr/local/gcc-10.2.0/lib/gcc/x86_64-pc-linux-gnu/11.1.0/../../../../include/c++/11.1.0]
  ignore line: [ /usr/local/gcc-10.2.0/lib/gcc/x86_64-pc-linux-gnu/11.1.0/../../../../include/c++/11.1.0/x86_64-pc-linux-gnu]
  ignore line: [ /usr/local/gcc-10.2.0/lib/gcc/x86_64-pc-linux-gnu/11.1.0/../../../../include/c++/11.1.0/backward]
  ignore line: [ /usr/local/gcc-10.2.0/lib/gcc/x86_64-pc-linux-gnu/11.1.0/include]
  ignore line: [ /usr/local/include]
  ignore line: [ /usr/local/gcc-10.2.0/include]
  ignore line: [ /usr/local/gcc-10.2.0/lib/gcc/x86_64-pc-linux-gnu/11.1.0/include-fixed]
  ignore line: [ /usr/include/x86_64-linux-gnu]
  ignore line: [ /usr/include]
  ignore line: [End of search list.]
  ignore line: [GNU C++17 (GCC) version 11.1.0 (x86_64-pc-linux-gnu)]
  ignore line: [	compiled by GNU C version 11.1.0  GMP version 5.0.1  MPFR version 3.1.5  MPC version 0.9  isl version none]
  ignore line: [warning: GMP header version 5.0.1 differs from library version 6.2.0.]
  ignore line: [GGC heuristics: --param ggc-min-expand=100 --param ggc-min-heapsize=131072]
  ignore line: [Compiler executable checksum: a678520ce33480c64ae174b71c3211a0]
  ignore line: [COLLECT_GCC_OPTIONS='-v' '-o' 'CMakeFiles/cmTC_cb16c.dir/CMakeCXXCompilerABI.cpp.o' '-c' '-shared-libgcc' '-mtune=generic' '-march=x86-64' '-dumpdir' 'CMakeFiles/cmTC_cb16c.dir/']
  ignore line: [ as -v --64 -o CMakeFiles/cmTC_cb16c.dir/CMakeCXXCompilerABI.cpp.o /tmp/ccNWu0VK.s]
  ignore line: [GNU assembler version 2.34 (x86_64-linux-gnu) using BFD version (GNU Binutils for Ubuntu) 2.34]
  ignore line: [COMPILER_PATH=/usr/local/gcc-10.2.0/libexec/gcc/x86_64-pc-linux-gnu/11.1.0/:/usr/local/gcc-10.2.0/libexec/gcc/x86_64-pc-linux-gnu/11.1.0/:/usr/local/gcc-10.2.0/libexec/gcc/x86_64-pc-linux-gnu/:/usr/local/gcc-10.2.0/lib/gcc/x86_64-pc-linux-gnu/11.1.0/:/usr/local/gcc-10.2.0/lib/gcc/x86_64-pc-linux-gnu/]
  ignore line: [LIBRARY_PATH=/usr/local/gcc-10.2.0/lib/gcc/x86_64-pc-linux-gnu/11.1.0/:/usr/local/gcc-10.2.0/lib/gcc/x86_64-pc-linux-gnu/11.1.0/../../../../lib64/:/lib/x86_64-linux-gnu/:/lib/../lib64/:/usr/lib/x86_64-linux-gnu/:/usr/local/gcc-10.2.0/lib/gcc/x86_64-pc-linux-gnu/11.1.0/../../../:/lib/:/usr/lib/]
  ignore line: [COLLECT_GCC_OPTIONS='-v' '-o' 'CMakeFiles/cmTC_cb16c.dir/CMakeCXXCompilerABI.cpp.o' '-c' '-shared-libgcc' '-mtune=generic' '-march=x86-64' '-dumpdir' 'CMakeFiles/cmTC_cb16c.dir/CMakeCXXCompilerABI.cpp.']
  ignore line: [Linking CXX executable cmTC_cb16c]
  ignore line: [/usr/bin/cmake -E cmake_link_script CMakeFiles/cmTC_cb16c.dir/link.txt --verbose=1]
  ignore line: [/usr/local/gcc-10.2.0/bin/g++      -v CMakeFiles/cmTC_cb16c.dir/CMakeCXXCompilerABI.cpp.o  -o cmTC_cb16c ]
  ignore line: [Using built-in specs.]
  ignore line: [COLLECT_GCC=/usr/local/gcc-10.2.0/bin/g++]
  ignore line: [COLLECT_LTO_WRAPPER=/usr/local/gcc-10.2.0/libexec/gcc/x86_64-pc-linux-gnu/11.1.0/lto-wrapper]
  ignore line: [Target: x86_64-pc-linux-gnu]
  ignore line: [Configured with: ../configure --prefix=/usr/local/gcc-10.2.0/ --enable-checking=release --enable-languages=c c++ --disable-multilib --with-gmp=/usr/local/gmp-5.0.1 --with-mpfr=/usr/local/mpfr-3.1.5 --with-mpc=/usr/local/mpc-0.9]
  ignore line: [Thread model: posix]
  ignore line: [Supported LTO compression algorithms: zlib]
  ignore line: [gcc version 11.1.0 (GCC) ]
  ignore line: [COMPILER_PATH=/usr/local/gcc-10.2.0/libexec/gcc/x86_64-pc-linux-gnu/11.1.0/:/usr/local/gcc-10.2.0/libexec/gcc/x86_64-pc-linux-gnu/11.1.0/:/usr/local/gcc-10.2.0/libexec/gcc/x86_64-pc-linux-gnu/:/usr/local/gcc-10.2.0/lib/gcc/x86_64-pc-linux-gnu/11.1.0/:/usr/local/gcc-10.2.0/lib/gcc/x86_64-pc-linux-gnu/]
  ignore line: [LIBRARY_PATH=/usr/local/gcc-10.2.0/lib/gcc/x86_64-pc-linux-gnu/11.1.0/:/usr/local/gcc-10.2.0/lib/gcc/x86_64-pc-linux-gnu/11.1.0/../../../../lib64/:/lib/x86_64-linux-gnu/:/lib/../lib64/:/usr/lib/x86_64-linux-gnu/:/usr/local/gcc-10.2.0/lib/gcc/x86_64-pc-linux-gnu/11.1.0/../../../:/lib/:/usr/lib/]
  ignore line: [COLLECT_GCC_OPTIONS='-v' '-o' 'cmTC_cb16c' '-shared-libgcc' '-mtune=generic' '-march=x86-64' '-dumpdir' 'cmTC_cb16c.']
  link line: [ /usr/local/gcc-10.2.0/libexec/gcc/x86_64-pc-linux-gnu/11.1.0/collect2 -plugin /usr/local/gcc-10.2.0/libexec/gcc/x86_64-pc-linux-gnu/11.1.0/liblto_plugin.so -plugin-opt=/usr/local/gcc-10.2.0/libexec/gcc/x86_64-pc-linux-gnu/11.1.0/lto-wrapper -plugin-opt=-fresolution=/tmp/ccqobwRb.res -plugin-opt=-pass-through=-lgcc_s -plugin-opt=-pass-through=-lgcc -plugin-opt=-pass-through=-lc -plugin-opt=-pass-through=-lgcc_s -plugin-opt=-pass-through=-lgcc --eh-frame-hdr -m elf_x86_64 -dynamic-linker /lib64/ld-linux-x86-64.so.2 -o cmTC_cb16c /usr/lib/x86_64-linux-gnu/crt1.o /usr/lib/x86_64-linux-gnu/crti.o /usr/local/gcc-10.2.0/lib/gcc/x86_64-pc-linux-gnu/11.1.0/crtbegin.o -L/usr/local/gcc-10.2.0/lib/gcc/x86_64-pc-linux-gnu/11.1.0 -L/usr/local/gcc-10.2.0/lib/gcc/x86_64-pc-linux-gnu/11.1.0/../../../../lib64 -L/lib/x86_64-linux-gnu -L/lib/../lib64 -L/usr/lib/x86_64-linux-gnu -L/usr/local/gcc-10.2.0/lib/gcc/x86_64-pc-linux-gnu/11.1.0/../../.. CMakeFiles/cmTC_cb16c.dir/CMakeCXXCompilerABI.cpp.o -lstdc++ -lm -lgcc_s -lgcc -lc -lgcc_s -lgcc /usr/local/gcc-10.2.0/lib/gcc/x86_64-pc-linux-gnu/11.1.0/crtend.o /usr/lib/x86_64-linux-gnu/crtn.o]
    arg [/usr/local/gcc-10.2.0/libexec/gcc/x86_64-pc-linux-gnu/11.1.0/collect2] ==> ignore
    arg [-plugin] ==> ignore
    arg [/usr/local/gcc-10.2.0/libexec/gcc/x86_64-pc-linux-gnu/11.1.0/liblto_plugin.so] ==> ignore
    arg [-plugin-opt=/usr/local/gcc-10.2.0/libexec/gcc/x86_64-pc-linux-gnu/11.1.0/lto-wrapper] ==> ignore
    arg [-plugin-opt=-fresolution=/tmp/ccqobwRb.res] ==> ignore
    arg [-plugin-opt=-pass-through=-lgcc_s] ==> ignore
    arg [-plugin-opt=-pass-through=-lgcc] ==> ignore
    arg [-plugin-opt=-pass-through=-lc] ==> ignore
    arg [-plugin-opt=-pass-through=-lgcc_s] ==> ignore
    arg [-plugin-opt=-pass-through=-lgcc] ==> ignore
    arg [--eh-frame-hdr] ==> ignore
    arg [-m] ==> ignore
    arg [elf_x86_64] ==> ignore
    arg [-dynamic-linker] ==> ignore
    arg [/lib64/ld-linux-x86-64.so.2] ==> ignore
    arg [-o] ==> ignore
    arg [cmTC_cb16c] ==> ignore
    arg [/usr/lib/x86_64-linux-gnu/crt1.o] ==> ignore
    arg [/usr/lib/x86_64-linux-gnu/crti.o] ==> ignore
    arg [/usr/local/gcc-10.2.0/lib/gcc/x86_64-pc-linux-gnu/11.1.0/crtbegin.o] ==> ignore
    arg [-L/usr/local/gcc-10.2.0/lib/gcc/x86_64-pc-linux-gnu/11.1.0] ==> dir [/usr/local/gcc-10.2.0/lib/gcc/x86_64-pc-linux-gnu/11.1.0]
    arg [-L/usr/local/gcc-10.2.0/lib/gcc/x86_64-pc-linux-gnu/11.1.0/../../../../lib64] ==> dir [/usr/local/gcc-10.2.0/lib/gcc/x86_64-pc-linux-gnu/11.1.0/../../../../lib64]
    arg [-L/lib/x86_64-linux-gnu] ==> dir [/lib/x86_64-linux-gnu]
    arg [-L/lib/../lib64] ==> dir [/lib/../lib64]
    arg [-L/usr/lib/x86_64-linux-gnu] ==> dir [/usr/lib/x86_64-linux-gnu]
    arg [-L/usr/local/gcc-10.2.0/lib/gcc/x86_64-pc-linux-gnu/11.1.0/../../..] ==> dir [/usr/local/gcc-10.2.0/lib/gcc/x86_64-pc-linux-gnu/11.1.0/../../..]
    arg [CMakeFiles/cmTC_cb16c.dir/CMakeCXXCompilerABI.cpp.o] ==> ignore
    arg [-lstdc++] ==> lib [stdc++]
    arg [-lm] ==> lib [m]
    arg [-lgcc_s] ==> lib [gcc_s]
    arg [-lgcc] ==> lib [gcc]
    arg [-lc] ==> lib [c]
    arg [-lgcc_s] ==> lib [gcc_s]
    arg [-lgcc] ==> lib [gcc]
    arg [/usr/local/gcc-10.2.0/lib/gcc/x86_64-pc-linux-gnu/11.1.0/crtend.o] ==> ignore
    arg [/usr/lib/x86_64-linux-gnu/crtn.o] ==> ignore
  collapse library dir [/usr/local/gcc-10.2.0/lib/gcc/x86_64-pc-linux-gnu/11.1.0] ==> [/usr/local/gcc-10.2.0/lib/gcc/x86_64-pc-linux-gnu/11.1.0]
  collapse library dir [/usr/local/gcc-10.2.0/lib/gcc/x86_64-pc-linux-gnu/11.1.0/../../../../lib64] ==> [/usr/local/gcc-10.2.0/lib64]
  collapse library dir [/lib/x86_64-linux-gnu] ==> [/lib/x86_64-linux-gnu]
  collapse library dir [/lib/../lib64] ==> [/lib64]
  collapse library dir [/usr/lib/x86_64-linux-gnu] ==> [/usr/lib/x86_64-linux-gnu]
  collapse library dir [/usr/local/gcc-10.2.0/lib/gcc/x86_64-pc-linux-gnu/11.1.0/../../..] ==> [/usr/local/gcc-10.2.0/lib]
  implicit libs: [stdc++;m;gcc_s;gcc;c;gcc_s;gcc]
  implicit dirs: [/usr/local/gcc-10.2.0/lib/gcc/x86_64-pc-linux-gnu/11.1.0;/usr/local/gcc-10.2.0/lib64;/lib/x86_64-linux-gnu;/lib64;/usr/lib/x86_64-linux-gnu;/usr/local/gcc-10.2.0/lib]
  implicit fwks: []


